14.04.2023 08:37:47.033 INFO  - HomePageTest:BeforeMethod statrted log
14.04.2023 08:37:47.056 ERROR - HomePageTest:TestMethod statrted log
14.04.2023 08:37:47.058 INFO  - HomePageTest:info log test class
14.04.2023 08:49:23.646 INFO  - HomePageTest:BeforeMethod statrted log
14.04.2023 08:49:23.665 ERROR - HomePageTest:TestMethod statrted log
14.04.2023 08:49:23.666 INFO  - HomePageTest:info log test class
14.04.2023 08:50:44.970 INFO  - HomePageTest:BeforeMethod statrted log
14.04.2023 08:50:44.986 ERROR - HomePageTest:TestMethod statrted log
14.04.2023 08:50:44.987 INFO  - HomePageTest:info log test class
14.04.2023 08:50:45.323 DEBUG - PackageRelationshipCollection:Parsing relationship: /xl/_rels/workbook.xml.rels
14.04.2023 08:50:45.331 DEBUG - PackageRelationshipCollection:Parsing relationship: /_rels/.rels
14.04.2023 08:50:45.966 TRACE - SchemaTypeSystemImpl:Loading type system org.apache.poi.schemas.ooxml.system.ooxml
14.04.2023 08:50:45.987 TRACE - SchemaTypeSystemImpl:Loading type system org.apache.xmlbeans.metadata.system.sXMLCONFIG
14.04.2023 08:50:45.998 TRACE - SchemaTypeSystemImpl:Loading type system org.apache.xmlbeans.metadata.system.sXMLLANG
14.04.2023 08:50:46.010 TRACE - SchemaTypeSystemImpl:Loading type system org.apache.xmlbeans.metadata.system.sXMLSCHEMA
14.04.2023 08:50:46.022 TRACE - SchemaTypeSystemImpl:Loading type system org.apache.xmlbeans.metadata.system.sXMLTOOLS
14.04.2023 08:50:46.041 TRACE - SchemaTypeSystemImpl:Reading unresolved handles for type system org.apache.xmlbeans.metadata.system.sXMLTOOLS
14.04.2023 08:50:46.111 TRACE - SchemaTypeSystemImpl:Finished loading type system org.apache.xmlbeans.metadata.system.sXMLTOOLS
14.04.2023 08:50:46.112 TRACE - SchemaTypeSystemImpl:Reading unresolved handles for type system org.apache.xmlbeans.metadata.system.sXMLSCHEMA
14.04.2023 08:50:46.128 TRACE - SchemaTypeSystemImpl:Finished loading type system org.apache.xmlbeans.metadata.system.sXMLSCHEMA
14.04.2023 08:50:46.130 TRACE - SchemaTypeSystemImpl:Reading unresolved handles for type system org.apache.xmlbeans.metadata.system.sXMLLANG
14.04.2023 08:50:46.133 TRACE - SchemaTypeSystemImpl:Finished loading type system org.apache.xmlbeans.metadata.system.sXMLLANG
14.04.2023 08:50:46.135 TRACE - SchemaTypeSystemImpl:Reading unresolved handles for type system org.apache.xmlbeans.metadata.system.sXMLCONFIG
14.04.2023 08:50:46.139 TRACE - SchemaTypeSystemImpl:Finished loading type system org.apache.xmlbeans.metadata.system.sXMLCONFIG
14.04.2023 08:50:46.143 TRACE - SchemaTypeSystemImpl:Reading unresolved handles for type system org.apache.poi.schemas.ooxml.system.ooxml
14.04.2023 08:50:46.262 TRACE - SchemaTypeSystemImpl:Finished loading type system org.apache.poi.schemas.ooxml.system.ooxml
14.04.2023 08:50:46.265 TRACE - SchemaTypeSystemImpl:Resolving type for handle themefd26doctype
14.04.2023 08:50:46.411 TRACE - SchemaTypeSystemImpl:Resolving type for handle stylesheet5d8bdoctype
14.04.2023 08:50:46.423 TRACE - SchemaTypeSystemImpl:Resolving type for handle ctstylesheet4257type
14.04.2023 08:50:46.434 TRACE - SchemaTypeSystemImpl:Resolving type for handle ctfonts6623type
14.04.2023 08:50:46.440 TRACE - SchemaTypeSystemImpl:Resolving type for handle ctfont14d8type
14.04.2023 08:50:46.463 TRACE - SchemaTypeSystemImpl:Resolving type for handle ctfills2c6ftype
14.04.2023 08:50:46.471 TRACE - SchemaTypeSystemImpl:Resolving type for handle ctfill550ctype
14.04.2023 08:50:46.489 TRACE - SchemaTypeSystemImpl:Resolving type for handle ctborders0d66type
14.04.2023 08:50:46.495 TRACE - SchemaTypeSystemImpl:Resolving type for handle ctborderf935type
14.04.2023 08:50:46.504 TRACE - SchemaTypeSystemImpl:Resolving type for handle ctcellxfs1322type
14.04.2023 08:50:46.510 TRACE - SchemaTypeSystemImpl:Resolving type for handle ctxf97f7type
14.04.2023 08:50:46.518 TRACE - SchemaTypeSystemImpl:Resolving type for handle ctcellstylexfsa81ftype
14.04.2023 08:50:46.524 TRACE - SchemaTypeSystemImpl:Resolving type for handle ctdxfsb26atype
14.04.2023 08:50:46.531 TRACE - SchemaTypeSystemImpl:Resolving type for handle cttablestyles872ftype
14.04.2023 08:50:46.544 TRACE - SchemaTypeSystemImpl:Resolving type for handle sstf81fdoctype
14.04.2023 08:50:46.552 TRACE - SchemaTypeSystemImpl:Resolving type for handle ctsst44f3type
14.04.2023 08:50:46.569 TRACE - SchemaTypeSystemImpl:Resolving type for handle ctrsta472type
14.04.2023 08:50:46.609 TRACE - SchemaTypeSystemImpl:Resolving type for handle workbookec17doctype
14.04.2023 08:50:46.622 TRACE - SchemaTypeSystemImpl:Resolving type for handle ctworkbook83c3type
14.04.2023 08:50:46.632 TRACE - SchemaTypeSystemImpl:Resolving type for handle ctsheets49fdtype
14.04.2023 08:50:46.636 TRACE - SchemaTypeSystemImpl:Resolving type for handle ctsheet4dbetype
14.04.2023 08:50:46.643 TRACE - SchemaTypeSystemImpl:Resolving type for handle strelationshipid1e94type
14.04.2023 08:50:46.649 TRACE - SchemaTypeSystemImpl:Resolving type for handle worksheetf539doctype
14.04.2023 08:50:46.659 TRACE - SchemaTypeSystemImpl:Resolving type for handle ctworksheet530dtype
14.04.2023 08:50:46.675 TRACE - SchemaTypeSystemImpl:Resolving type for handle ctsheetdata8408type
14.04.2023 08:50:46.685 TRACE - SchemaTypeSystemImpl:Resolving type for handle ctrowdd39type
14.04.2023 08:50:46.696 TRACE - SchemaTypeSystemImpl:Resolving type for handle ctcell842btype
14.04.2023 08:50:46.716 TRACE - SchemaTypeSystemImpl:Resolving type for handle stcellrefe4e0type
14.04.2023 08:50:46.730 TRACE - SchemaTypeSystemImpl:Resolving type for handle ctcols627ctype
14.04.2023 08:50:46.743 TRACE - SchemaTypeSystemImpl:Resolving type for handle ctcola95ftype
14.04.2023 08:50:46.867 DEBUG - PackageRelationshipCollection:Parsing relationship: /xl/_rels/workbook.xml.rels
14.04.2023 08:50:46.884 DEBUG - PackageRelationshipCollection:Parsing relationship: /_rels/.rels
14.04.2023 08:50:46.973 TRACE - SchemaTypeSystemImpl:Resolving type for handle stxstringf179type
14.04.2023 08:50:46.997 TRACE - SchemaTypeSystemImpl:Resolving type for handle stcelltypebf95type
14.04.2023 08:50:47.050 INFO  - HomePageTest:BeforeMethod statrted log
14.04.2023 08:50:47.061 ERROR - HomePageTest:TestMethod statrted log
14.04.2023 08:50:47.062 INFO  - HomePageTest:info log test class
14.04.2023 08:51:37.821 DEBUG - PackageRelationshipCollection:Parsing relationship: /xl/_rels/workbook.xml.rels
14.04.2023 08:51:37.844 DEBUG - PackageRelationshipCollection:Parsing relationship: /_rels/.rels
14.04.2023 08:51:38.097 TRACE - SchemaTypeSystemImpl:Loading type system org.apache.poi.schemas.ooxml.system.ooxml
14.04.2023 08:51:38.104 TRACE - SchemaTypeSystemImpl:Loading type system org.apache.xmlbeans.metadata.system.sXMLCONFIG
14.04.2023 08:51:38.108 TRACE - SchemaTypeSystemImpl:Loading type system org.apache.xmlbeans.metadata.system.sXMLLANG
14.04.2023 08:51:38.114 TRACE - SchemaTypeSystemImpl:Loading type system org.apache.xmlbeans.metadata.system.sXMLSCHEMA
14.04.2023 08:51:38.119 TRACE - SchemaTypeSystemImpl:Loading type system org.apache.xmlbeans.metadata.system.sXMLTOOLS
14.04.2023 08:51:38.127 TRACE - SchemaTypeSystemImpl:Reading unresolved handles for type system org.apache.xmlbeans.metadata.system.sXMLTOOLS
14.04.2023 08:51:38.147 TRACE - SchemaTypeSystemImpl:Finished loading type system org.apache.xmlbeans.metadata.system.sXMLTOOLS
14.04.2023 08:51:38.151 TRACE - SchemaTypeSystemImpl:Reading unresolved handles for type system org.apache.xmlbeans.metadata.system.sXMLSCHEMA
14.04.2023 08:51:38.163 TRACE - SchemaTypeSystemImpl:Finished loading type system org.apache.xmlbeans.metadata.system.sXMLSCHEMA
14.04.2023 08:51:38.165 TRACE - SchemaTypeSystemImpl:Reading unresolved handles for type system org.apache.xmlbeans.metadata.system.sXMLLANG
14.04.2023 08:51:38.168 TRACE - SchemaTypeSystemImpl:Finished loading type system org.apache.xmlbeans.metadata.system.sXMLLANG
14.04.2023 08:51:38.172 TRACE - SchemaTypeSystemImpl:Reading unresolved handles for type system org.apache.xmlbeans.metadata.system.sXMLCONFIG
14.04.2023 08:51:38.175 TRACE - SchemaTypeSystemImpl:Finished loading type system org.apache.xmlbeans.metadata.system.sXMLCONFIG
14.04.2023 08:51:38.179 TRACE - SchemaTypeSystemImpl:Reading unresolved handles for type system org.apache.poi.schemas.ooxml.system.ooxml
14.04.2023 08:51:38.291 TRACE - SchemaTypeSystemImpl:Finished loading type system org.apache.poi.schemas.ooxml.system.ooxml
14.04.2023 08:51:38.297 TRACE - SchemaTypeSystemImpl:Resolving type for handle themefd26doctype
14.04.2023 08:51:38.385 TRACE - SchemaTypeSystemImpl:Resolving type for handle stylesheet5d8bdoctype
14.04.2023 08:51:38.396 TRACE - SchemaTypeSystemImpl:Resolving type for handle ctstylesheet4257type
14.04.2023 08:51:38.405 TRACE - SchemaTypeSystemImpl:Resolving type for handle ctfonts6623type
14.04.2023 08:51:38.411 TRACE - SchemaTypeSystemImpl:Resolving type for handle ctfont14d8type
14.04.2023 08:51:38.423 TRACE - SchemaTypeSystemImpl:Resolving type for handle ctfills2c6ftype
14.04.2023 08:51:38.429 TRACE - SchemaTypeSystemImpl:Resolving type for handle ctfill550ctype
14.04.2023 08:51:38.433 TRACE - SchemaTypeSystemImpl:Resolving type for handle ctborders0d66type
14.04.2023 08:51:38.444 TRACE - SchemaTypeSystemImpl:Resolving type for handle ctborderf935type
14.04.2023 08:51:38.455 TRACE - SchemaTypeSystemImpl:Resolving type for handle ctcellxfs1322type
14.04.2023 08:51:38.461 TRACE - SchemaTypeSystemImpl:Resolving type for handle ctxf97f7type
14.04.2023 08:51:38.468 TRACE - SchemaTypeSystemImpl:Resolving type for handle ctcellstylexfsa81ftype
14.04.2023 08:51:38.472 TRACE - SchemaTypeSystemImpl:Resolving type for handle ctdxfsb26atype
14.04.2023 08:51:38.477 TRACE - SchemaTypeSystemImpl:Resolving type for handle cttablestyles872ftype
14.04.2023 08:51:38.486 TRACE - SchemaTypeSystemImpl:Resolving type for handle sstf81fdoctype
14.04.2023 08:51:38.496 TRACE - SchemaTypeSystemImpl:Resolving type for handle ctsst44f3type
14.04.2023 08:51:38.516 TRACE - SchemaTypeSystemImpl:Resolving type for handle ctrsta472type
14.04.2023 08:51:38.546 TRACE - SchemaTypeSystemImpl:Resolving type for handle workbookec17doctype
14.04.2023 08:51:38.553 TRACE - SchemaTypeSystemImpl:Resolving type for handle ctworkbook83c3type
14.04.2023 08:51:38.561 TRACE - SchemaTypeSystemImpl:Resolving type for handle ctsheets49fdtype
14.04.2023 08:51:38.564 TRACE - SchemaTypeSystemImpl:Resolving type for handle ctsheet4dbetype
14.04.2023 08:51:38.567 TRACE - SchemaTypeSystemImpl:Resolving type for handle strelationshipid1e94type
14.04.2023 08:51:38.571 TRACE - SchemaTypeSystemImpl:Resolving type for handle worksheetf539doctype
14.04.2023 08:51:38.582 TRACE - SchemaTypeSystemImpl:Resolving type for handle ctworksheet530dtype
14.04.2023 08:51:38.603 TRACE - SchemaTypeSystemImpl:Resolving type for handle ctsheetdata8408type
14.04.2023 08:51:38.612 TRACE - SchemaTypeSystemImpl:Resolving type for handle ctrowdd39type
14.04.2023 08:51:38.626 TRACE - SchemaTypeSystemImpl:Resolving type for handle ctcell842btype
14.04.2023 08:51:38.639 TRACE - SchemaTypeSystemImpl:Resolving type for handle stcellrefe4e0type
14.04.2023 08:51:38.650 TRACE - SchemaTypeSystemImpl:Resolving type for handle ctcols627ctype
14.04.2023 08:51:38.660 TRACE - SchemaTypeSystemImpl:Resolving type for handle ctcola95ftype
14.04.2023 08:51:38.742 DEBUG - PackageRelationshipCollection:Parsing relationship: /xl/_rels/workbook.xml.rels
14.04.2023 08:51:38.744 DEBUG - PackageRelationshipCollection:Parsing relationship: /_rels/.rels
14.04.2023 08:51:38.793 TRACE - SchemaTypeSystemImpl:Resolving type for handle stxstringf179type
14.04.2023 08:51:38.803 TRACE - SchemaTypeSystemImpl:Resolving type for handle stcelltypebf95type
14.04.2023 08:51:38.828 INFO  - HomePageTest:BeforeMethod statrted log
14.04.2023 08:51:38.836 ERROR - HomePageTest:TestMethod statrted log
14.04.2023 08:51:38.837 INFO  - HomePageTest:info log test class
14.04.2023 08:55:06.363 INFO  - HomePageTest:BeforeMethod statrted log
14.04.2023 08:55:06.383 ERROR - HomePageTest:TestMethod statrted log
14.04.2023 08:55:06.385 INFO  - HomePageTest:info log test class
14.04.2023 08:55:06.655 DEBUG - PackageRelationshipCollection:Parsing relationship: /xl/_rels/workbook.xml.rels
14.04.2023 08:55:06.663 DEBUG - PackageRelationshipCollection:Parsing relationship: /_rels/.rels
14.04.2023 08:55:06.947 TRACE - SchemaTypeSystemImpl:Loading type system org.apache.poi.schemas.ooxml.system.ooxml
14.04.2023 08:55:06.952 TRACE - SchemaTypeSystemImpl:Loading type system org.apache.xmlbeans.metadata.system.sXMLCONFIG
14.04.2023 08:55:06.954 TRACE - SchemaTypeSystemImpl:Loading type system org.apache.xmlbeans.metadata.system.sXMLLANG
14.04.2023 08:55:06.957 TRACE - SchemaTypeSystemImpl:Loading type system org.apache.xmlbeans.metadata.system.sXMLSCHEMA
14.04.2023 08:55:06.960 TRACE - SchemaTypeSystemImpl:Loading type system org.apache.xmlbeans.metadata.system.sXMLTOOLS
14.04.2023 08:55:06.963 TRACE - SchemaTypeSystemImpl:Reading unresolved handles for type system org.apache.xmlbeans.metadata.system.sXMLTOOLS
14.04.2023 08:55:06.979 TRACE - SchemaTypeSystemImpl:Finished loading type system org.apache.xmlbeans.metadata.system.sXMLTOOLS
14.04.2023 08:55:06.980 TRACE - SchemaTypeSystemImpl:Reading unresolved handles for type system org.apache.xmlbeans.metadata.system.sXMLSCHEMA
14.04.2023 08:55:06.999 TRACE - SchemaTypeSystemImpl:Finished loading type system org.apache.xmlbeans.metadata.system.sXMLSCHEMA
14.04.2023 08:55:07.001 TRACE - SchemaTypeSystemImpl:Reading unresolved handles for type system org.apache.xmlbeans.metadata.system.sXMLLANG
14.04.2023 08:55:07.003 TRACE - SchemaTypeSystemImpl:Finished loading type system org.apache.xmlbeans.metadata.system.sXMLLANG
14.04.2023 08:55:07.005 TRACE - SchemaTypeSystemImpl:Reading unresolved handles for type system org.apache.xmlbeans.metadata.system.sXMLCONFIG
14.04.2023 08:55:07.010 TRACE - SchemaTypeSystemImpl:Finished loading type system org.apache.xmlbeans.metadata.system.sXMLCONFIG
14.04.2023 08:55:07.012 TRACE - SchemaTypeSystemImpl:Reading unresolved handles for type system org.apache.poi.schemas.ooxml.system.ooxml
14.04.2023 08:55:07.108 TRACE - SchemaTypeSystemImpl:Finished loading type system org.apache.poi.schemas.ooxml.system.ooxml
14.04.2023 08:55:07.112 TRACE - SchemaTypeSystemImpl:Resolving type for handle themefd26doctype
14.04.2023 08:55:07.192 TRACE - SchemaTypeSystemImpl:Resolving type for handle stylesheet5d8bdoctype
14.04.2023 08:55:07.203 TRACE - SchemaTypeSystemImpl:Resolving type for handle ctstylesheet4257type
14.04.2023 08:55:07.210 TRACE - SchemaTypeSystemImpl:Resolving type for handle ctfonts6623type
14.04.2023 08:55:07.215 TRACE - SchemaTypeSystemImpl:Resolving type for handle ctfont14d8type
14.04.2023 08:55:07.225 TRACE - SchemaTypeSystemImpl:Resolving type for handle ctfills2c6ftype
14.04.2023 08:55:07.231 TRACE - SchemaTypeSystemImpl:Resolving type for handle ctfill550ctype
14.04.2023 08:55:07.236 TRACE - SchemaTypeSystemImpl:Resolving type for handle ctborders0d66type
14.04.2023 08:55:07.240 TRACE - SchemaTypeSystemImpl:Resolving type for handle ctborderf935type
14.04.2023 08:55:07.245 TRACE - SchemaTypeSystemImpl:Resolving type for handle ctcellxfs1322type
14.04.2023 08:55:07.249 TRACE - SchemaTypeSystemImpl:Resolving type for handle ctxf97f7type
14.04.2023 08:55:07.256 TRACE - SchemaTypeSystemImpl:Resolving type for handle ctcellstylexfsa81ftype
14.04.2023 08:55:07.260 TRACE - SchemaTypeSystemImpl:Resolving type for handle ctdxfsb26atype
14.04.2023 08:55:07.265 TRACE - SchemaTypeSystemImpl:Resolving type for handle cttablestyles872ftype
14.04.2023 08:55:07.270 TRACE - SchemaTypeSystemImpl:Resolving type for handle sstf81fdoctype
14.04.2023 08:55:07.276 TRACE - SchemaTypeSystemImpl:Resolving type for handle ctsst44f3type
14.04.2023 08:55:07.287 TRACE - SchemaTypeSystemImpl:Resolving type for handle ctrsta472type
14.04.2023 08:55:07.316 TRACE - SchemaTypeSystemImpl:Resolving type for handle workbookec17doctype
14.04.2023 08:55:07.326 TRACE - SchemaTypeSystemImpl:Resolving type for handle ctworkbook83c3type
14.04.2023 08:55:07.337 TRACE - SchemaTypeSystemImpl:Resolving type for handle ctsheets49fdtype
14.04.2023 08:55:07.340 TRACE - SchemaTypeSystemImpl:Resolving type for handle ctsheet4dbetype
14.04.2023 08:55:07.343 TRACE - SchemaTypeSystemImpl:Resolving type for handle strelationshipid1e94type
14.04.2023 08:55:07.347 TRACE - SchemaTypeSystemImpl:Resolving type for handle worksheetf539doctype
14.04.2023 08:55:07.355 TRACE - SchemaTypeSystemImpl:Resolving type for handle ctworksheet530dtype
14.04.2023 08:55:07.368 TRACE - SchemaTypeSystemImpl:Resolving type for handle ctsheetdata8408type
14.04.2023 08:55:07.375 TRACE - SchemaTypeSystemImpl:Resolving type for handle ctrowdd39type
14.04.2023 08:55:07.384 TRACE - SchemaTypeSystemImpl:Resolving type for handle ctcell842btype
14.04.2023 08:55:07.397 TRACE - SchemaTypeSystemImpl:Resolving type for handle stcellrefe4e0type
14.04.2023 08:55:07.405 TRACE - SchemaTypeSystemImpl:Resolving type for handle ctcols627ctype
14.04.2023 08:55:07.414 TRACE - SchemaTypeSystemImpl:Resolving type for handle ctcola95ftype
14.04.2023 08:55:07.478 DEBUG - PackageRelationshipCollection:Parsing relationship: /xl/_rels/workbook.xml.rels
14.04.2023 08:55:07.482 DEBUG - PackageRelationshipCollection:Parsing relationship: /_rels/.rels
14.04.2023 08:55:07.529 TRACE - SchemaTypeSystemImpl:Resolving type for handle stxstringf179type
14.04.2023 08:55:07.547 TRACE - SchemaTypeSystemImpl:Resolving type for handle stcelltypebf95type
14.04.2023 08:55:07.566 INFO  - HomePageTest:BeforeMethod statrted log
14.04.2023 08:55:07.570 ERROR - HomePageTest:TestMethod statrted log
14.04.2023 08:55:07.570 INFO  - HomePageTest:info log test class
14.04.2023 08:57:37.105 DEBUG - PackageRelationshipCollection:Parsing relationship: /xl/_rels/workbook.xml.rels
14.04.2023 08:57:37.124 DEBUG - PackageRelationshipCollection:Parsing relationship: /_rels/.rels
14.04.2023 08:57:37.423 TRACE - SchemaTypeSystemImpl:Loading type system org.apache.poi.schemas.ooxml.system.ooxml
14.04.2023 08:57:37.429 TRACE - SchemaTypeSystemImpl:Loading type system org.apache.xmlbeans.metadata.system.sXMLCONFIG
14.04.2023 08:57:37.432 TRACE - SchemaTypeSystemImpl:Loading type system org.apache.xmlbeans.metadata.system.sXMLLANG
14.04.2023 08:57:37.435 TRACE - SchemaTypeSystemImpl:Loading type system org.apache.xmlbeans.metadata.system.sXMLSCHEMA
14.04.2023 08:57:37.444 TRACE - SchemaTypeSystemImpl:Loading type system org.apache.xmlbeans.metadata.system.sXMLTOOLS
14.04.2023 08:57:37.448 TRACE - SchemaTypeSystemImpl:Reading unresolved handles for type system org.apache.xmlbeans.metadata.system.sXMLTOOLS
14.04.2023 08:57:37.474 TRACE - SchemaTypeSystemImpl:Finished loading type system org.apache.xmlbeans.metadata.system.sXMLTOOLS
14.04.2023 08:57:37.475 TRACE - SchemaTypeSystemImpl:Reading unresolved handles for type system org.apache.xmlbeans.metadata.system.sXMLSCHEMA
14.04.2023 08:57:37.489 TRACE - SchemaTypeSystemImpl:Finished loading type system org.apache.xmlbeans.metadata.system.sXMLSCHEMA
14.04.2023 08:57:37.494 TRACE - SchemaTypeSystemImpl:Reading unresolved handles for type system org.apache.xmlbeans.metadata.system.sXMLLANG
14.04.2023 08:57:37.498 TRACE - SchemaTypeSystemImpl:Finished loading type system org.apache.xmlbeans.metadata.system.sXMLLANG
14.04.2023 08:57:37.500 TRACE - SchemaTypeSystemImpl:Reading unresolved handles for type system org.apache.xmlbeans.metadata.system.sXMLCONFIG
14.04.2023 08:57:37.503 TRACE - SchemaTypeSystemImpl:Finished loading type system org.apache.xmlbeans.metadata.system.sXMLCONFIG
14.04.2023 08:57:37.505 TRACE - SchemaTypeSystemImpl:Reading unresolved handles for type system org.apache.poi.schemas.ooxml.system.ooxml
14.04.2023 08:57:37.675 TRACE - SchemaTypeSystemImpl:Finished loading type system org.apache.poi.schemas.ooxml.system.ooxml
14.04.2023 08:57:37.680 TRACE - SchemaTypeSystemImpl:Resolving type for handle themefd26doctype
14.04.2023 08:57:37.746 TRACE - SchemaTypeSystemImpl:Resolving type for handle stylesheet5d8bdoctype
14.04.2023 08:57:37.754 TRACE - SchemaTypeSystemImpl:Resolving type for handle ctstylesheet4257type
14.04.2023 08:57:37.761 TRACE - SchemaTypeSystemImpl:Resolving type for handle ctfonts6623type
14.04.2023 08:57:37.766 TRACE - SchemaTypeSystemImpl:Resolving type for handle ctfont14d8type
14.04.2023 08:57:37.776 TRACE - SchemaTypeSystemImpl:Resolving type for handle ctfills2c6ftype
14.04.2023 08:57:37.780 TRACE - SchemaTypeSystemImpl:Resolving type for handle ctfill550ctype
14.04.2023 08:57:37.785 TRACE - SchemaTypeSystemImpl:Resolving type for handle ctborders0d66type
14.04.2023 08:57:37.801 TRACE - SchemaTypeSystemImpl:Resolving type for handle ctborderf935type
14.04.2023 08:57:37.806 TRACE - SchemaTypeSystemImpl:Resolving type for handle ctcellxfs1322type
14.04.2023 08:57:37.810 TRACE - SchemaTypeSystemImpl:Resolving type for handle ctxf97f7type
14.04.2023 08:57:37.814 TRACE - SchemaTypeSystemImpl:Resolving type for handle ctcellstylexfsa81ftype
14.04.2023 08:57:37.817 TRACE - SchemaTypeSystemImpl:Resolving type for handle ctdxfsb26atype
14.04.2023 08:57:37.821 TRACE - SchemaTypeSystemImpl:Resolving type for handle cttablestyles872ftype
14.04.2023 08:57:37.826 TRACE - SchemaTypeSystemImpl:Resolving type for handle sstf81fdoctype
14.04.2023 08:57:37.834 TRACE - SchemaTypeSystemImpl:Resolving type for handle ctsst44f3type
14.04.2023 08:57:37.847 TRACE - SchemaTypeSystemImpl:Resolving type for handle ctrsta472type
14.04.2023 08:57:37.886 TRACE - SchemaTypeSystemImpl:Resolving type for handle workbookec17doctype
14.04.2023 08:57:37.896 TRACE - SchemaTypeSystemImpl:Resolving type for handle ctworkbook83c3type
14.04.2023 08:57:37.908 TRACE - SchemaTypeSystemImpl:Resolving type for handle ctsheets49fdtype
14.04.2023 08:57:37.913 TRACE - SchemaTypeSystemImpl:Resolving type for handle ctsheet4dbetype
14.04.2023 08:57:37.918 TRACE - SchemaTypeSystemImpl:Resolving type for handle strelationshipid1e94type
14.04.2023 08:57:37.924 TRACE - SchemaTypeSystemImpl:Resolving type for handle worksheetf539doctype
14.04.2023 08:57:37.933 TRACE - SchemaTypeSystemImpl:Resolving type for handle ctworksheet530dtype
14.04.2023 08:57:37.948 TRACE - SchemaTypeSystemImpl:Resolving type for handle ctsheetdata8408type
14.04.2023 08:57:37.953 TRACE - SchemaTypeSystemImpl:Resolving type for handle ctrowdd39type
14.04.2023 08:57:37.964 TRACE - SchemaTypeSystemImpl:Resolving type for handle ctcell842btype
14.04.2023 08:57:37.979 TRACE - SchemaTypeSystemImpl:Resolving type for handle stcellrefe4e0type
14.04.2023 08:57:37.989 TRACE - SchemaTypeSystemImpl:Resolving type for handle ctcols627ctype
14.04.2023 08:57:37.997 TRACE - SchemaTypeSystemImpl:Resolving type for handle ctcola95ftype
14.04.2023 08:57:38.066 DEBUG - PackageRelationshipCollection:Parsing relationship: /xl/_rels/workbook.xml.rels
14.04.2023 08:57:38.072 DEBUG - PackageRelationshipCollection:Parsing relationship: /_rels/.rels
14.04.2023 08:57:38.135 TRACE - SchemaTypeSystemImpl:Resolving type for handle stxstringf179type
14.04.2023 08:57:38.148 TRACE - SchemaTypeSystemImpl:Resolving type for handle stcelltypebf95type
14.04.2023 08:59:08.670 INFO  - HomePageTest:BeforeMethod statrted log
14.04.2023 08:59:08.685 ERROR - HomePageTest:TestMethod statrted log
14.04.2023 08:59:08.873 DEBUG - PackageRelationshipCollection:Parsing relationship: /xl/_rels/workbook.xml.rels
14.04.2023 08:59:08.879 DEBUG - PackageRelationshipCollection:Parsing relationship: /_rels/.rels
14.04.2023 08:59:09.138 TRACE - SchemaTypeSystemImpl:Loading type system org.apache.poi.schemas.ooxml.system.ooxml
14.04.2023 08:59:09.147 TRACE - SchemaTypeSystemImpl:Loading type system org.apache.xmlbeans.metadata.system.sXMLCONFIG
14.04.2023 08:59:09.150 TRACE - SchemaTypeSystemImpl:Loading type system org.apache.xmlbeans.metadata.system.sXMLLANG
14.04.2023 08:59:09.153 TRACE - SchemaTypeSystemImpl:Loading type system org.apache.xmlbeans.metadata.system.sXMLSCHEMA
14.04.2023 08:59:09.156 TRACE - SchemaTypeSystemImpl:Loading type system org.apache.xmlbeans.metadata.system.sXMLTOOLS
14.04.2023 08:59:09.163 TRACE - SchemaTypeSystemImpl:Reading unresolved handles for type system org.apache.xmlbeans.metadata.system.sXMLTOOLS
14.04.2023 08:59:09.185 TRACE - SchemaTypeSystemImpl:Finished loading type system org.apache.xmlbeans.metadata.system.sXMLTOOLS
14.04.2023 08:59:09.189 TRACE - SchemaTypeSystemImpl:Reading unresolved handles for type system org.apache.xmlbeans.metadata.system.sXMLSCHEMA
14.04.2023 08:59:09.206 TRACE - SchemaTypeSystemImpl:Finished loading type system org.apache.xmlbeans.metadata.system.sXMLSCHEMA
14.04.2023 08:59:09.212 TRACE - SchemaTypeSystemImpl:Reading unresolved handles for type system org.apache.xmlbeans.metadata.system.sXMLLANG
14.04.2023 08:59:09.215 TRACE - SchemaTypeSystemImpl:Finished loading type system org.apache.xmlbeans.metadata.system.sXMLLANG
14.04.2023 08:59:09.220 TRACE - SchemaTypeSystemImpl:Reading unresolved handles for type system org.apache.xmlbeans.metadata.system.sXMLCONFIG
14.04.2023 08:59:09.226 TRACE - SchemaTypeSystemImpl:Finished loading type system org.apache.xmlbeans.metadata.system.sXMLCONFIG
14.04.2023 08:59:09.229 TRACE - SchemaTypeSystemImpl:Reading unresolved handles for type system org.apache.poi.schemas.ooxml.system.ooxml
14.04.2023 08:59:09.311 TRACE - SchemaTypeSystemImpl:Finished loading type system org.apache.poi.schemas.ooxml.system.ooxml
14.04.2023 08:59:09.314 TRACE - SchemaTypeSystemImpl:Resolving type for handle themefd26doctype
14.04.2023 08:59:09.390 TRACE - SchemaTypeSystemImpl:Resolving type for handle stylesheet5d8bdoctype
14.04.2023 08:59:09.401 TRACE - SchemaTypeSystemImpl:Resolving type for handle ctstylesheet4257type
14.04.2023 08:59:09.411 TRACE - SchemaTypeSystemImpl:Resolving type for handle ctfonts6623type
14.04.2023 08:59:09.416 TRACE - SchemaTypeSystemImpl:Resolving type for handle ctfont14d8type
14.04.2023 08:59:09.430 TRACE - SchemaTypeSystemImpl:Resolving type for handle ctfills2c6ftype
14.04.2023 08:59:09.436 TRACE - SchemaTypeSystemImpl:Resolving type for handle ctfill550ctype
14.04.2023 08:59:09.440 TRACE - SchemaTypeSystemImpl:Resolving type for handle ctborders0d66type
14.04.2023 08:59:09.446 TRACE - SchemaTypeSystemImpl:Resolving type for handle ctborderf935type
14.04.2023 08:59:09.459 TRACE - SchemaTypeSystemImpl:Resolving type for handle ctcellxfs1322type
14.04.2023 08:59:09.467 TRACE - SchemaTypeSystemImpl:Resolving type for handle ctxf97f7type
14.04.2023 08:59:09.473 TRACE - SchemaTypeSystemImpl:Resolving type for handle ctcellstylexfsa81ftype
14.04.2023 08:59:09.479 TRACE - SchemaTypeSystemImpl:Resolving type for handle ctdxfsb26atype
14.04.2023 08:59:09.490 TRACE - SchemaTypeSystemImpl:Resolving type for handle cttablestyles872ftype
14.04.2023 08:59:09.498 TRACE - SchemaTypeSystemImpl:Resolving type for handle sstf81fdoctype
14.04.2023 08:59:09.509 TRACE - SchemaTypeSystemImpl:Resolving type for handle ctsst44f3type
14.04.2023 08:59:09.529 TRACE - SchemaTypeSystemImpl:Resolving type for handle ctrsta472type
14.04.2023 08:59:09.566 TRACE - SchemaTypeSystemImpl:Resolving type for handle workbookec17doctype
14.04.2023 08:59:09.574 TRACE - SchemaTypeSystemImpl:Resolving type for handle ctworkbook83c3type
14.04.2023 08:59:09.584 TRACE - SchemaTypeSystemImpl:Resolving type for handle ctsheets49fdtype
14.04.2023 08:59:09.589 TRACE - SchemaTypeSystemImpl:Resolving type for handle ctsheet4dbetype
14.04.2023 08:59:09.595 TRACE - SchemaTypeSystemImpl:Resolving type for handle strelationshipid1e94type
14.04.2023 08:59:09.600 TRACE - SchemaTypeSystemImpl:Resolving type for handle worksheetf539doctype
14.04.2023 08:59:09.633 TRACE - SchemaTypeSystemImpl:Resolving type for handle ctworksheet530dtype
14.04.2023 08:59:09.659 TRACE - SchemaTypeSystemImpl:Resolving type for handle ctsheetdata8408type
14.04.2023 08:59:09.670 TRACE - SchemaTypeSystemImpl:Resolving type for handle ctrowdd39type
14.04.2023 08:59:09.678 TRACE - SchemaTypeSystemImpl:Resolving type for handle ctcell842btype
14.04.2023 08:59:09.690 TRACE - SchemaTypeSystemImpl:Resolving type for handle stcellrefe4e0type
14.04.2023 08:59:09.702 TRACE - SchemaTypeSystemImpl:Resolving type for handle ctcols627ctype
14.04.2023 08:59:09.711 TRACE - SchemaTypeSystemImpl:Resolving type for handle ctcola95ftype
14.04.2023 08:59:09.773 DEBUG - PackageRelationshipCollection:Parsing relationship: /xl/_rels/workbook.xml.rels
14.04.2023 08:59:09.778 DEBUG - PackageRelationshipCollection:Parsing relationship: /_rels/.rels
14.04.2023 08:59:09.827 TRACE - SchemaTypeSystemImpl:Resolving type for handle stxstringf179type
14.04.2023 08:59:09.834 TRACE - SchemaTypeSystemImpl:Resolving type for handle stcelltypebf95type
14.04.2023 08:59:09.853 INFO  - HomePageTest:BeforeMethod statrted log
14.04.2023 08:59:09.858 ERROR - HomePageTest:TestMethod statrted log
14.04.2023 09:00:04.813 INFO  - HomePageTest:BeforeMethod statrted log
14.04.2023 09:00:04.832 ERROR - HomePageTest:TestMethod statrted log
14.04.2023 09:00:05.017 DEBUG - PackageRelationshipCollection:Parsing relationship: /xl/_rels/workbook.xml.rels
14.04.2023 09:00:05.023 DEBUG - PackageRelationshipCollection:Parsing relationship: /_rels/.rels
14.04.2023 09:00:05.234 TRACE - SchemaTypeSystemImpl:Loading type system org.apache.poi.schemas.ooxml.system.ooxml
14.04.2023 09:00:05.241 TRACE - SchemaTypeSystemImpl:Loading type system org.apache.xmlbeans.metadata.system.sXMLCONFIG
14.04.2023 09:00:05.243 TRACE - SchemaTypeSystemImpl:Loading type system org.apache.xmlbeans.metadata.system.sXMLLANG
14.04.2023 09:00:05.246 TRACE - SchemaTypeSystemImpl:Loading type system org.apache.xmlbeans.metadata.system.sXMLSCHEMA
14.04.2023 09:00:05.248 TRACE - SchemaTypeSystemImpl:Loading type system org.apache.xmlbeans.metadata.system.sXMLTOOLS
14.04.2023 09:00:05.251 TRACE - SchemaTypeSystemImpl:Reading unresolved handles for type system org.apache.xmlbeans.metadata.system.sXMLTOOLS
14.04.2023 09:00:05.266 TRACE - SchemaTypeSystemImpl:Finished loading type system org.apache.xmlbeans.metadata.system.sXMLTOOLS
14.04.2023 09:00:05.270 TRACE - SchemaTypeSystemImpl:Reading unresolved handles for type system org.apache.xmlbeans.metadata.system.sXMLSCHEMA
14.04.2023 09:00:05.284 TRACE - SchemaTypeSystemImpl:Finished loading type system org.apache.xmlbeans.metadata.system.sXMLSCHEMA
14.04.2023 09:00:05.286 TRACE - SchemaTypeSystemImpl:Reading unresolved handles for type system org.apache.xmlbeans.metadata.system.sXMLLANG
14.04.2023 09:00:05.290 TRACE - SchemaTypeSystemImpl:Finished loading type system org.apache.xmlbeans.metadata.system.sXMLLANG
14.04.2023 09:00:05.293 TRACE - SchemaTypeSystemImpl:Reading unresolved handles for type system org.apache.xmlbeans.metadata.system.sXMLCONFIG
14.04.2023 09:00:05.297 TRACE - SchemaTypeSystemImpl:Finished loading type system org.apache.xmlbeans.metadata.system.sXMLCONFIG
14.04.2023 09:00:05.300 TRACE - SchemaTypeSystemImpl:Reading unresolved handles for type system org.apache.poi.schemas.ooxml.system.ooxml
14.04.2023 09:00:05.403 TRACE - SchemaTypeSystemImpl:Finished loading type system org.apache.poi.schemas.ooxml.system.ooxml
14.04.2023 09:00:05.409 TRACE - SchemaTypeSystemImpl:Resolving type for handle themefd26doctype
14.04.2023 09:00:05.497 TRACE - SchemaTypeSystemImpl:Resolving type for handle stylesheet5d8bdoctype
14.04.2023 09:00:05.509 TRACE - SchemaTypeSystemImpl:Resolving type for handle ctstylesheet4257type
14.04.2023 09:00:05.518 TRACE - SchemaTypeSystemImpl:Resolving type for handle ctfonts6623type
14.04.2023 09:00:05.523 TRACE - SchemaTypeSystemImpl:Resolving type for handle ctfont14d8type
14.04.2023 09:00:05.536 TRACE - SchemaTypeSystemImpl:Resolving type for handle ctfills2c6ftype
14.04.2023 09:00:05.542 TRACE - SchemaTypeSystemImpl:Resolving type for handle ctfill550ctype
14.04.2023 09:00:05.545 TRACE - SchemaTypeSystemImpl:Resolving type for handle ctborders0d66type
14.04.2023 09:00:05.550 TRACE - SchemaTypeSystemImpl:Resolving type for handle ctborderf935type
14.04.2023 09:00:05.561 TRACE - SchemaTypeSystemImpl:Resolving type for handle ctcellxfs1322type
14.04.2023 09:00:05.565 TRACE - SchemaTypeSystemImpl:Resolving type for handle ctxf97f7type
14.04.2023 09:00:05.570 TRACE - SchemaTypeSystemImpl:Resolving type for handle ctcellstylexfsa81ftype
14.04.2023 09:00:05.574 TRACE - SchemaTypeSystemImpl:Resolving type for handle ctdxfsb26atype
14.04.2023 09:00:05.579 TRACE - SchemaTypeSystemImpl:Resolving type for handle cttablestyles872ftype
14.04.2023 09:00:05.587 TRACE - SchemaTypeSystemImpl:Resolving type for handle sstf81fdoctype
14.04.2023 09:00:05.595 TRACE - SchemaTypeSystemImpl:Resolving type for handle ctsst44f3type
14.04.2023 09:00:05.615 TRACE - SchemaTypeSystemImpl:Resolving type for handle ctrsta472type
14.04.2023 09:00:05.648 TRACE - SchemaTypeSystemImpl:Resolving type for handle workbookec17doctype
14.04.2023 09:00:05.656 TRACE - SchemaTypeSystemImpl:Resolving type for handle ctworkbook83c3type
14.04.2023 09:00:05.663 TRACE - SchemaTypeSystemImpl:Resolving type for handle ctsheets49fdtype
14.04.2023 09:00:05.666 TRACE - SchemaTypeSystemImpl:Resolving type for handle ctsheet4dbetype
14.04.2023 09:00:05.670 TRACE - SchemaTypeSystemImpl:Resolving type for handle strelationshipid1e94type
14.04.2023 09:00:05.673 TRACE - SchemaTypeSystemImpl:Resolving type for handle worksheetf539doctype
14.04.2023 09:00:05.684 TRACE - SchemaTypeSystemImpl:Resolving type for handle ctworksheet530dtype
14.04.2023 09:00:05.699 TRACE - SchemaTypeSystemImpl:Resolving type for handle ctsheetdata8408type
14.04.2023 09:00:05.706 TRACE - SchemaTypeSystemImpl:Resolving type for handle ctrowdd39type
14.04.2023 09:00:05.716 TRACE - SchemaTypeSystemImpl:Resolving type for handle ctcell842btype
14.04.2023 09:00:05.727 TRACE - SchemaTypeSystemImpl:Resolving type for handle stcellrefe4e0type
14.04.2023 09:00:05.737 TRACE - SchemaTypeSystemImpl:Resolving type for handle ctcols627ctype
14.04.2023 09:00:05.743 TRACE - SchemaTypeSystemImpl:Resolving type for handle ctcola95ftype
14.04.2023 09:00:05.798 DEBUG - PackageRelationshipCollection:Parsing relationship: /xl/_rels/workbook.xml.rels
14.04.2023 09:00:05.803 DEBUG - PackageRelationshipCollection:Parsing relationship: /_rels/.rels
14.04.2023 09:00:05.859 TRACE - SchemaTypeSystemImpl:Resolving type for handle stxstringf179type
14.04.2023 09:00:05.868 TRACE - SchemaTypeSystemImpl:Resolving type for handle stcelltypebf95type
14.04.2023 09:00:05.886 INFO  - HomePageTest:BeforeMethod statrted log
14.04.2023 09:00:05.889 ERROR - HomePageTest:TestMethod statrted log
14.04.2023 16:32:10.518 INFO  - HomePageTest:BeforeMethod statrted log
14.04.2023 16:32:10.561 ERROR - HomePageTest:TestMethod statrted log
14.04.2023 16:32:10.834 DEBUG - PackageRelationshipCollection:Parsing relationship: /xl/_rels/workbook.xml.rels
14.04.2023 16:32:10.842 DEBUG - PackageRelationshipCollection:Parsing relationship: /_rels/.rels
14.04.2023 16:32:11.067 TRACE - SchemaTypeSystemImpl:Loading type system org.apache.poi.schemas.ooxml.system.ooxml
14.04.2023 16:32:11.073 TRACE - SchemaTypeSystemImpl:Loading type system org.apache.xmlbeans.metadata.system.sXMLCONFIG
14.04.2023 16:32:11.075 TRACE - SchemaTypeSystemImpl:Loading type system org.apache.xmlbeans.metadata.system.sXMLLANG
14.04.2023 16:32:11.077 TRACE - SchemaTypeSystemImpl:Loading type system org.apache.xmlbeans.metadata.system.sXMLSCHEMA
14.04.2023 16:32:11.078 TRACE - SchemaTypeSystemImpl:Loading type system org.apache.xmlbeans.metadata.system.sXMLTOOLS
14.04.2023 16:32:11.081 TRACE - SchemaTypeSystemImpl:Reading unresolved handles for type system org.apache.xmlbeans.metadata.system.sXMLTOOLS
14.04.2023 16:32:11.096 TRACE - SchemaTypeSystemImpl:Finished loading type system org.apache.xmlbeans.metadata.system.sXMLTOOLS
14.04.2023 16:32:11.097 TRACE - SchemaTypeSystemImpl:Reading unresolved handles for type system org.apache.xmlbeans.metadata.system.sXMLSCHEMA
14.04.2023 16:32:11.108 TRACE - SchemaTypeSystemImpl:Finished loading type system org.apache.xmlbeans.metadata.system.sXMLSCHEMA
14.04.2023 16:32:11.112 TRACE - SchemaTypeSystemImpl:Reading unresolved handles for type system org.apache.xmlbeans.metadata.system.sXMLLANG
14.04.2023 16:32:11.115 TRACE - SchemaTypeSystemImpl:Finished loading type system org.apache.xmlbeans.metadata.system.sXMLLANG
14.04.2023 16:32:11.118 TRACE - SchemaTypeSystemImpl:Reading unresolved handles for type system org.apache.xmlbeans.metadata.system.sXMLCONFIG
14.04.2023 16:32:11.125 TRACE - SchemaTypeSystemImpl:Finished loading type system org.apache.xmlbeans.metadata.system.sXMLCONFIG
14.04.2023 16:32:11.129 TRACE - SchemaTypeSystemImpl:Reading unresolved handles for type system org.apache.poi.schemas.ooxml.system.ooxml
14.04.2023 16:32:11.227 TRACE - SchemaTypeSystemImpl:Finished loading type system org.apache.poi.schemas.ooxml.system.ooxml
14.04.2023 16:32:11.230 TRACE - SchemaTypeSystemImpl:Resolving type for handle themefd26doctype
14.04.2023 16:32:11.309 TRACE - SchemaTypeSystemImpl:Resolving type for handle stylesheet5d8bdoctype
14.04.2023 16:32:11.319 TRACE - SchemaTypeSystemImpl:Resolving type for handle ctstylesheet4257type
14.04.2023 16:32:11.326 TRACE - SchemaTypeSystemImpl:Resolving type for handle ctfonts6623type
14.04.2023 16:32:11.330 TRACE - SchemaTypeSystemImpl:Resolving type for handle ctfont14d8type
14.04.2023 16:32:11.342 TRACE - SchemaTypeSystemImpl:Resolving type for handle ctfills2c6ftype
14.04.2023 16:32:11.348 TRACE - SchemaTypeSystemImpl:Resolving type for handle ctfill550ctype
14.04.2023 16:32:11.357 TRACE - SchemaTypeSystemImpl:Resolving type for handle ctborders0d66type
14.04.2023 16:32:11.363 TRACE - SchemaTypeSystemImpl:Resolving type for handle ctborderf935type
14.04.2023 16:32:11.371 TRACE - SchemaTypeSystemImpl:Resolving type for handle ctcellxfs1322type
14.04.2023 16:32:11.375 TRACE - SchemaTypeSystemImpl:Resolving type for handle ctxf97f7type
14.04.2023 16:32:11.381 TRACE - SchemaTypeSystemImpl:Resolving type for handle ctcellstylexfsa81ftype
14.04.2023 16:32:11.384 TRACE - SchemaTypeSystemImpl:Resolving type for handle ctdxfsb26atype
14.04.2023 16:32:11.389 TRACE - SchemaTypeSystemImpl:Resolving type for handle cttablestyles872ftype
14.04.2023 16:32:11.394 TRACE - SchemaTypeSystemImpl:Resolving type for handle sstf81fdoctype
14.04.2023 16:32:11.402 TRACE - SchemaTypeSystemImpl:Resolving type for handle ctsst44f3type
14.04.2023 16:32:11.414 TRACE - SchemaTypeSystemImpl:Resolving type for handle ctrsta472type
14.04.2023 16:32:11.445 TRACE - SchemaTypeSystemImpl:Resolving type for handle workbookec17doctype
14.04.2023 16:32:11.451 TRACE - SchemaTypeSystemImpl:Resolving type for handle ctworkbook83c3type
14.04.2023 16:32:11.457 TRACE - SchemaTypeSystemImpl:Resolving type for handle ctsheets49fdtype
14.04.2023 16:32:11.460 TRACE - SchemaTypeSystemImpl:Resolving type for handle ctsheet4dbetype
14.04.2023 16:32:11.463 TRACE - SchemaTypeSystemImpl:Resolving type for handle strelationshipid1e94type
14.04.2023 16:32:11.469 TRACE - SchemaTypeSystemImpl:Resolving type for handle worksheetf539doctype
14.04.2023 16:32:11.478 TRACE - SchemaTypeSystemImpl:Resolving type for handle ctworksheet530dtype
14.04.2023 16:32:11.489 TRACE - SchemaTypeSystemImpl:Resolving type for handle ctsheetdata8408type
14.04.2023 16:32:11.496 TRACE - SchemaTypeSystemImpl:Resolving type for handle ctrowdd39type
14.04.2023 16:32:11.506 TRACE - SchemaTypeSystemImpl:Resolving type for handle ctcell842btype
14.04.2023 16:32:11.518 TRACE - SchemaTypeSystemImpl:Resolving type for handle stcellrefe4e0type
14.04.2023 16:32:11.526 TRACE - SchemaTypeSystemImpl:Resolving type for handle ctcols627ctype
14.04.2023 16:32:11.533 TRACE - SchemaTypeSystemImpl:Resolving type for handle ctcola95ftype
14.04.2023 16:32:11.600 DEBUG - PackageRelationshipCollection:Parsing relationship: /xl/_rels/workbook.xml.rels
14.04.2023 16:32:11.607 DEBUG - PackageRelationshipCollection:Parsing relationship: /_rels/.rels
14.04.2023 16:32:11.659 TRACE - SchemaTypeSystemImpl:Resolving type for handle stxstringf179type
14.04.2023 16:32:11.673 TRACE - SchemaTypeSystemImpl:Resolving type for handle stcelltypebf95type
14.04.2023 16:32:11.705 INFO  - HomePageTest:BeforeMethod statrted log
14.04.2023 16:32:11.710 ERROR - HomePageTest:TestMethod statrted log
14.04.2023 16:34:51.700 INFO  - HomePageTest:BeforeMethod statrted log
14.04.2023 16:34:51.718 ERROR - HomePageTest:TestMethod statrted log
14.04.2023 16:34:51.914 DEBUG - PackageRelationshipCollection:Parsing relationship: /xl/_rels/workbook.xml.rels
14.04.2023 16:34:51.922 DEBUG - PackageRelationshipCollection:Parsing relationship: /_rels/.rels
14.04.2023 16:34:52.152 TRACE - SchemaTypeSystemImpl:Loading type system org.apache.poi.schemas.ooxml.system.ooxml
14.04.2023 16:34:52.158 TRACE - SchemaTypeSystemImpl:Loading type system org.apache.xmlbeans.metadata.system.sXMLCONFIG
14.04.2023 16:34:52.160 TRACE - SchemaTypeSystemImpl:Loading type system org.apache.xmlbeans.metadata.system.sXMLLANG
14.04.2023 16:34:52.163 TRACE - SchemaTypeSystemImpl:Loading type system org.apache.xmlbeans.metadata.system.sXMLSCHEMA
14.04.2023 16:34:52.165 TRACE - SchemaTypeSystemImpl:Loading type system org.apache.xmlbeans.metadata.system.sXMLTOOLS
14.04.2023 16:34:52.168 TRACE - SchemaTypeSystemImpl:Reading unresolved handles for type system org.apache.xmlbeans.metadata.system.sXMLTOOLS
14.04.2023 16:34:52.183 TRACE - SchemaTypeSystemImpl:Finished loading type system org.apache.xmlbeans.metadata.system.sXMLTOOLS
14.04.2023 16:34:52.184 TRACE - SchemaTypeSystemImpl:Reading unresolved handles for type system org.apache.xmlbeans.metadata.system.sXMLSCHEMA
14.04.2023 16:34:52.195 TRACE - SchemaTypeSystemImpl:Finished loading type system org.apache.xmlbeans.metadata.system.sXMLSCHEMA
14.04.2023 16:34:52.204 TRACE - SchemaTypeSystemImpl:Reading unresolved handles for type system org.apache.xmlbeans.metadata.system.sXMLLANG
14.04.2023 16:34:52.207 TRACE - SchemaTypeSystemImpl:Finished loading type system org.apache.xmlbeans.metadata.system.sXMLLANG
14.04.2023 16:34:52.209 TRACE - SchemaTypeSystemImpl:Reading unresolved handles for type system org.apache.xmlbeans.metadata.system.sXMLCONFIG
14.04.2023 16:34:52.212 TRACE - SchemaTypeSystemImpl:Finished loading type system org.apache.xmlbeans.metadata.system.sXMLCONFIG
14.04.2023 16:34:52.214 TRACE - SchemaTypeSystemImpl:Reading unresolved handles for type system org.apache.poi.schemas.ooxml.system.ooxml
14.04.2023 16:34:52.298 TRACE - SchemaTypeSystemImpl:Finished loading type system org.apache.poi.schemas.ooxml.system.ooxml
14.04.2023 16:34:52.301 TRACE - SchemaTypeSystemImpl:Resolving type for handle themefd26doctype
14.04.2023 16:34:52.368 TRACE - SchemaTypeSystemImpl:Resolving type for handle stylesheet5d8bdoctype
14.04.2023 16:34:52.375 TRACE - SchemaTypeSystemImpl:Resolving type for handle ctstylesheet4257type
14.04.2023 16:34:52.381 TRACE - SchemaTypeSystemImpl:Resolving type for handle ctfonts6623type
14.04.2023 16:34:52.385 TRACE - SchemaTypeSystemImpl:Resolving type for handle ctfont14d8type
14.04.2023 16:34:52.396 TRACE - SchemaTypeSystemImpl:Resolving type for handle ctfills2c6ftype
14.04.2023 16:34:52.405 TRACE - SchemaTypeSystemImpl:Resolving type for handle ctfill550ctype
14.04.2023 16:34:52.409 TRACE - SchemaTypeSystemImpl:Resolving type for handle ctborders0d66type
14.04.2023 16:34:52.414 TRACE - SchemaTypeSystemImpl:Resolving type for handle ctborderf935type
14.04.2023 16:34:52.421 TRACE - SchemaTypeSystemImpl:Resolving type for handle ctcellxfs1322type
14.04.2023 16:34:52.426 TRACE - SchemaTypeSystemImpl:Resolving type for handle ctxf97f7type
14.04.2023 16:34:52.432 TRACE - SchemaTypeSystemImpl:Resolving type for handle ctcellstylexfsa81ftype
14.04.2023 16:34:52.436 TRACE - SchemaTypeSystemImpl:Resolving type for handle ctdxfsb26atype
14.04.2023 16:34:52.440 TRACE - SchemaTypeSystemImpl:Resolving type for handle cttablestyles872ftype
14.04.2023 16:34:52.445 TRACE - SchemaTypeSystemImpl:Resolving type for handle sstf81fdoctype
14.04.2023 16:34:52.453 TRACE - SchemaTypeSystemImpl:Resolving type for handle ctsst44f3type
14.04.2023 16:34:52.465 TRACE - SchemaTypeSystemImpl:Resolving type for handle ctrsta472type
14.04.2023 16:34:52.503 TRACE - SchemaTypeSystemImpl:Resolving type for handle workbookec17doctype
14.04.2023 16:34:52.512 TRACE - SchemaTypeSystemImpl:Resolving type for handle ctworkbook83c3type
14.04.2023 16:34:52.524 TRACE - SchemaTypeSystemImpl:Resolving type for handle ctsheets49fdtype
14.04.2023 16:34:52.529 TRACE - SchemaTypeSystemImpl:Resolving type for handle ctsheet4dbetype
14.04.2023 16:34:52.538 TRACE - SchemaTypeSystemImpl:Resolving type for handle strelationshipid1e94type
14.04.2023 16:34:52.546 TRACE - SchemaTypeSystemImpl:Resolving type for handle worksheetf539doctype
14.04.2023 16:34:52.557 TRACE - SchemaTypeSystemImpl:Resolving type for handle ctworksheet530dtype
14.04.2023 16:34:52.572 TRACE - SchemaTypeSystemImpl:Resolving type for handle ctsheetdata8408type
14.04.2023 16:34:52.576 TRACE - SchemaTypeSystemImpl:Resolving type for handle ctrowdd39type
14.04.2023 16:34:52.585 TRACE - SchemaTypeSystemImpl:Resolving type for handle ctcell842btype
14.04.2023 16:34:52.598 TRACE - SchemaTypeSystemImpl:Resolving type for handle stcellrefe4e0type
14.04.2023 16:34:52.610 TRACE - SchemaTypeSystemImpl:Resolving type for handle ctcols627ctype
14.04.2023 16:34:52.621 TRACE - SchemaTypeSystemImpl:Resolving type for handle ctcola95ftype
14.04.2023 16:34:52.688 DEBUG - PackageRelationshipCollection:Parsing relationship: /xl/_rels/workbook.xml.rels
14.04.2023 16:34:52.694 DEBUG - PackageRelationshipCollection:Parsing relationship: /_rels/.rels
14.04.2023 16:34:52.751 TRACE - SchemaTypeSystemImpl:Resolving type for handle stxstringf179type
14.04.2023 16:34:52.762 TRACE - SchemaTypeSystemImpl:Resolving type for handle stcelltypebf95type
14.04.2023 16:34:52.787 INFO  - HomePageTest:BeforeMethod statrted log
14.04.2023 16:34:52.791 ERROR - HomePageTest:TestMethod statrted log
14.04.2023 16:35:07.620 INFO  - HomePageTest:BeforeMethod statrted log
14.04.2023 16:35:07.644 ERROR - HomePageTest:TestMethod statrted log
14.04.2023 16:35:07.858 DEBUG - PackageRelationshipCollection:Parsing relationship: /xl/_rels/workbook.xml.rels
14.04.2023 16:35:07.879 DEBUG - PackageRelationshipCollection:Parsing relationship: /_rels/.rels
14.04.2023 16:35:08.066 TRACE - SchemaTypeSystemImpl:Loading type system org.apache.poi.schemas.ooxml.system.ooxml
14.04.2023 16:35:08.072 TRACE - SchemaTypeSystemImpl:Loading type system org.apache.xmlbeans.metadata.system.sXMLCONFIG
14.04.2023 16:35:08.074 TRACE - SchemaTypeSystemImpl:Loading type system org.apache.xmlbeans.metadata.system.sXMLLANG
14.04.2023 16:35:08.077 TRACE - SchemaTypeSystemImpl:Loading type system org.apache.xmlbeans.metadata.system.sXMLSCHEMA
14.04.2023 16:35:08.079 TRACE - SchemaTypeSystemImpl:Loading type system org.apache.xmlbeans.metadata.system.sXMLTOOLS
14.04.2023 16:35:08.082 TRACE - SchemaTypeSystemImpl:Reading unresolved handles for type system org.apache.xmlbeans.metadata.system.sXMLTOOLS
14.04.2023 16:35:08.098 TRACE - SchemaTypeSystemImpl:Finished loading type system org.apache.xmlbeans.metadata.system.sXMLTOOLS
14.04.2023 16:35:08.100 TRACE - SchemaTypeSystemImpl:Reading unresolved handles for type system org.apache.xmlbeans.metadata.system.sXMLSCHEMA
14.04.2023 16:35:08.111 TRACE - SchemaTypeSystemImpl:Finished loading type system org.apache.xmlbeans.metadata.system.sXMLSCHEMA
14.04.2023 16:35:08.117 TRACE - SchemaTypeSystemImpl:Reading unresolved handles for type system org.apache.xmlbeans.metadata.system.sXMLLANG
14.04.2023 16:35:08.121 TRACE - SchemaTypeSystemImpl:Finished loading type system org.apache.xmlbeans.metadata.system.sXMLLANG
14.04.2023 16:35:08.124 TRACE - SchemaTypeSystemImpl:Reading unresolved handles for type system org.apache.xmlbeans.metadata.system.sXMLCONFIG
14.04.2023 16:35:08.130 TRACE - SchemaTypeSystemImpl:Finished loading type system org.apache.xmlbeans.metadata.system.sXMLCONFIG
14.04.2023 16:35:08.134 TRACE - SchemaTypeSystemImpl:Reading unresolved handles for type system org.apache.poi.schemas.ooxml.system.ooxml
14.04.2023 16:35:08.245 TRACE - SchemaTypeSystemImpl:Finished loading type system org.apache.poi.schemas.ooxml.system.ooxml
14.04.2023 16:35:08.248 TRACE - SchemaTypeSystemImpl:Resolving type for handle themefd26doctype
14.04.2023 16:35:08.332 TRACE - SchemaTypeSystemImpl:Resolving type for handle stylesheet5d8bdoctype
14.04.2023 16:35:08.344 TRACE - SchemaTypeSystemImpl:Resolving type for handle ctstylesheet4257type
14.04.2023 16:35:08.354 TRACE - SchemaTypeSystemImpl:Resolving type for handle ctfonts6623type
14.04.2023 16:35:08.359 TRACE - SchemaTypeSystemImpl:Resolving type for handle ctfont14d8type
14.04.2023 16:35:08.368 TRACE - SchemaTypeSystemImpl:Resolving type for handle ctfills2c6ftype
14.04.2023 16:35:08.372 TRACE - SchemaTypeSystemImpl:Resolving type for handle ctfill550ctype
14.04.2023 16:35:08.375 TRACE - SchemaTypeSystemImpl:Resolving type for handle ctborders0d66type
14.04.2023 16:35:08.379 TRACE - SchemaTypeSystemImpl:Resolving type for handle ctborderf935type
14.04.2023 16:35:08.385 TRACE - SchemaTypeSystemImpl:Resolving type for handle ctcellxfs1322type
14.04.2023 16:35:08.390 TRACE - SchemaTypeSystemImpl:Resolving type for handle ctxf97f7type
14.04.2023 16:35:08.397 TRACE - SchemaTypeSystemImpl:Resolving type for handle ctcellstylexfsa81ftype
14.04.2023 16:35:08.401 TRACE - SchemaTypeSystemImpl:Resolving type for handle ctdxfsb26atype
14.04.2023 16:35:08.404 TRACE - SchemaTypeSystemImpl:Resolving type for handle cttablestyles872ftype
14.04.2023 16:35:08.409 TRACE - SchemaTypeSystemImpl:Resolving type for handle sstf81fdoctype
14.04.2023 16:35:08.415 TRACE - SchemaTypeSystemImpl:Resolving type for handle ctsst44f3type
14.04.2023 16:35:08.427 TRACE - SchemaTypeSystemImpl:Resolving type for handle ctrsta472type
14.04.2023 16:35:08.460 TRACE - SchemaTypeSystemImpl:Resolving type for handle workbookec17doctype
14.04.2023 16:35:08.467 TRACE - SchemaTypeSystemImpl:Resolving type for handle ctworkbook83c3type
14.04.2023 16:35:08.476 TRACE - SchemaTypeSystemImpl:Resolving type for handle ctsheets49fdtype
14.04.2023 16:35:08.481 TRACE - SchemaTypeSystemImpl:Resolving type for handle ctsheet4dbetype
14.04.2023 16:35:08.487 TRACE - SchemaTypeSystemImpl:Resolving type for handle strelationshipid1e94type
14.04.2023 16:35:08.491 TRACE - SchemaTypeSystemImpl:Resolving type for handle worksheetf539doctype
14.04.2023 16:35:08.501 TRACE - SchemaTypeSystemImpl:Resolving type for handle ctworksheet530dtype
14.04.2023 16:35:08.511 TRACE - SchemaTypeSystemImpl:Resolving type for handle ctsheetdata8408type
14.04.2023 16:35:08.521 TRACE - SchemaTypeSystemImpl:Resolving type for handle ctrowdd39type
14.04.2023 16:35:08.530 TRACE - SchemaTypeSystemImpl:Resolving type for handle ctcell842btype
14.04.2023 16:35:08.542 TRACE - SchemaTypeSystemImpl:Resolving type for handle stcellrefe4e0type
14.04.2023 16:35:08.554 TRACE - SchemaTypeSystemImpl:Resolving type for handle ctcols627ctype
14.04.2023 16:35:08.564 TRACE - SchemaTypeSystemImpl:Resolving type for handle ctcola95ftype
14.04.2023 16:35:08.633 DEBUG - PackageRelationshipCollection:Parsing relationship: /xl/_rels/workbook.xml.rels
14.04.2023 16:35:08.639 DEBUG - PackageRelationshipCollection:Parsing relationship: /_rels/.rels
14.04.2023 16:35:08.697 TRACE - SchemaTypeSystemImpl:Resolving type for handle stxstringf179type
14.04.2023 16:35:08.703 TRACE - SchemaTypeSystemImpl:Resolving type for handle stcelltypebf95type
14.04.2023 16:35:08.733 INFO  - HomePageTest:BeforeMethod statrted log
14.04.2023 16:35:08.740 ERROR - HomePageTest:TestMethod statrted log
14.04.2023 16:37:05.985 INFO  - HomePageTest:BeforeMethod statrted log
14.04.2023 16:37:19.114 ERROR - HomePageTest:TestMethod statrted log
14.04.2023 16:37:19.377 DEBUG - PackageRelationshipCollection:Parsing relationship: /xl/_rels/workbook.xml.rels
14.04.2023 16:37:19.389 DEBUG - PackageRelationshipCollection:Parsing relationship: /_rels/.rels
14.04.2023 16:37:19.648 TRACE - SchemaTypeSystemImpl:Loading type system org.apache.poi.schemas.ooxml.system.ooxml
14.04.2023 16:37:19.655 TRACE - SchemaTypeSystemImpl:Loading type system org.apache.xmlbeans.metadata.system.sXMLCONFIG
14.04.2023 16:37:19.658 TRACE - SchemaTypeSystemImpl:Loading type system org.apache.xmlbeans.metadata.system.sXMLLANG
14.04.2023 16:37:19.662 TRACE - SchemaTypeSystemImpl:Loading type system org.apache.xmlbeans.metadata.system.sXMLSCHEMA
14.04.2023 16:37:19.668 TRACE - SchemaTypeSystemImpl:Loading type system org.apache.xmlbeans.metadata.system.sXMLTOOLS
14.04.2023 16:37:19.671 TRACE - SchemaTypeSystemImpl:Reading unresolved handles for type system org.apache.xmlbeans.metadata.system.sXMLTOOLS
14.04.2023 16:37:19.691 TRACE - SchemaTypeSystemImpl:Finished loading type system org.apache.xmlbeans.metadata.system.sXMLTOOLS
14.04.2023 16:37:19.692 TRACE - SchemaTypeSystemImpl:Reading unresolved handles for type system org.apache.xmlbeans.metadata.system.sXMLSCHEMA
14.04.2023 16:37:19.710 TRACE - SchemaTypeSystemImpl:Finished loading type system org.apache.xmlbeans.metadata.system.sXMLSCHEMA
14.04.2023 16:37:19.712 TRACE - SchemaTypeSystemImpl:Reading unresolved handles for type system org.apache.xmlbeans.metadata.system.sXMLLANG
14.04.2023 16:37:19.718 TRACE - SchemaTypeSystemImpl:Finished loading type system org.apache.xmlbeans.metadata.system.sXMLLANG
14.04.2023 16:37:19.723 TRACE - SchemaTypeSystemImpl:Reading unresolved handles for type system org.apache.xmlbeans.metadata.system.sXMLCONFIG
14.04.2023 16:37:19.726 TRACE - SchemaTypeSystemImpl:Finished loading type system org.apache.xmlbeans.metadata.system.sXMLCONFIG
14.04.2023 16:37:19.728 TRACE - SchemaTypeSystemImpl:Reading unresolved handles for type system org.apache.poi.schemas.ooxml.system.ooxml
14.04.2023 16:37:19.850 TRACE - SchemaTypeSystemImpl:Finished loading type system org.apache.poi.schemas.ooxml.system.ooxml
14.04.2023 16:37:19.855 TRACE - SchemaTypeSystemImpl:Resolving type for handle themefd26doctype
14.04.2023 16:37:19.966 TRACE - SchemaTypeSystemImpl:Resolving type for handle stylesheet5d8bdoctype
14.04.2023 16:37:19.975 TRACE - SchemaTypeSystemImpl:Resolving type for handle ctstylesheet4257type
14.04.2023 16:37:19.986 TRACE - SchemaTypeSystemImpl:Resolving type for handle ctfonts6623type
14.04.2023 16:37:19.990 TRACE - SchemaTypeSystemImpl:Resolving type for handle ctfont14d8type
14.04.2023 16:37:20.003 TRACE - SchemaTypeSystemImpl:Resolving type for handle ctfills2c6ftype
14.04.2023 16:37:20.007 TRACE - SchemaTypeSystemImpl:Resolving type for handle ctfill550ctype
14.04.2023 16:37:20.011 TRACE - SchemaTypeSystemImpl:Resolving type for handle ctborders0d66type
14.04.2023 16:37:20.015 TRACE - SchemaTypeSystemImpl:Resolving type for handle ctborderf935type
14.04.2023 16:37:20.022 TRACE - SchemaTypeSystemImpl:Resolving type for handle ctcellxfs1322type
14.04.2023 16:37:20.026 TRACE - SchemaTypeSystemImpl:Resolving type for handle ctxf97f7type
14.04.2023 16:37:20.034 TRACE - SchemaTypeSystemImpl:Resolving type for handle ctcellstylexfsa81ftype
14.04.2023 16:37:20.038 TRACE - SchemaTypeSystemImpl:Resolving type for handle ctdxfsb26atype
14.04.2023 16:37:20.045 TRACE - SchemaTypeSystemImpl:Resolving type for handle cttablestyles872ftype
14.04.2023 16:37:20.051 TRACE - SchemaTypeSystemImpl:Resolving type for handle sstf81fdoctype
14.04.2023 16:37:20.059 TRACE - SchemaTypeSystemImpl:Resolving type for handle ctsst44f3type
14.04.2023 16:37:20.074 TRACE - SchemaTypeSystemImpl:Resolving type for handle ctrsta472type
14.04.2023 16:37:20.117 TRACE - SchemaTypeSystemImpl:Resolving type for handle workbookec17doctype
14.04.2023 16:37:20.125 TRACE - SchemaTypeSystemImpl:Resolving type for handle ctworkbook83c3type
14.04.2023 16:37:20.134 TRACE - SchemaTypeSystemImpl:Resolving type for handle ctsheets49fdtype
14.04.2023 16:37:20.138 TRACE - SchemaTypeSystemImpl:Resolving type for handle ctsheet4dbetype
14.04.2023 16:37:20.141 TRACE - SchemaTypeSystemImpl:Resolving type for handle strelationshipid1e94type
14.04.2023 16:37:20.151 TRACE - SchemaTypeSystemImpl:Resolving type for handle worksheetf539doctype
14.04.2023 16:37:20.165 TRACE - SchemaTypeSystemImpl:Resolving type for handle ctworksheet530dtype
14.04.2023 16:37:20.221 TRACE - SchemaTypeSystemImpl:Resolving type for handle ctsheetdata8408type
14.04.2023 16:37:20.225 TRACE - SchemaTypeSystemImpl:Resolving type for handle ctrowdd39type
14.04.2023 16:37:20.235 TRACE - SchemaTypeSystemImpl:Resolving type for handle ctcell842btype
14.04.2023 16:37:20.246 TRACE - SchemaTypeSystemImpl:Resolving type for handle stcellrefe4e0type
14.04.2023 16:37:20.275 TRACE - SchemaTypeSystemImpl:Resolving type for handle ctcols627ctype
14.04.2023 16:37:20.282 TRACE - SchemaTypeSystemImpl:Resolving type for handle ctcola95ftype
14.04.2023 16:37:20.371 DEBUG - PackageRelationshipCollection:Parsing relationship: /xl/_rels/workbook.xml.rels
14.04.2023 16:37:20.375 DEBUG - PackageRelationshipCollection:Parsing relationship: /_rels/.rels
14.04.2023 16:37:20.430 TRACE - SchemaTypeSystemImpl:Resolving type for handle stxstringf179type
14.04.2023 16:37:20.436 TRACE - SchemaTypeSystemImpl:Resolving type for handle stcelltypebf95type
14.04.2023 16:37:20.452 INFO  - HomePageTest:BeforeMethod statrted log
14.04.2023 16:37:25.437 ERROR - HomePageTest:TestMethod statrted log
14.04.2023 16:42:15.212 INFO  - HomePageTest:BeforeMethod statrted log
14.04.2023 16:42:25.605 ERROR - HomePageTest:TestMethod statrted log
14.04.2023 16:42:59.214 INFO  - HomePageTest:BeforeMethod statrted log
14.04.2023 16:43:07.672 ERROR - HomePageTest:TestMethod statrted log
14.04.2023 16:43:08.574 DEBUG - PackageRelationshipCollection:Parsing relationship: /xl/_rels/workbook.xml.rels
14.04.2023 16:43:08.580 DEBUG - PackageRelationshipCollection:Parsing relationship: /_rels/.rels
14.04.2023 16:43:08.827 TRACE - SchemaTypeSystemImpl:Loading type system org.apache.poi.schemas.ooxml.system.ooxml
14.04.2023 16:43:08.832 TRACE - SchemaTypeSystemImpl:Loading type system org.apache.xmlbeans.metadata.system.sXMLCONFIG
14.04.2023 16:43:08.837 TRACE - SchemaTypeSystemImpl:Loading type system org.apache.xmlbeans.metadata.system.sXMLLANG
14.04.2023 16:43:08.840 TRACE - SchemaTypeSystemImpl:Loading type system org.apache.xmlbeans.metadata.system.sXMLSCHEMA
14.04.2023 16:43:08.844 TRACE - SchemaTypeSystemImpl:Loading type system org.apache.xmlbeans.metadata.system.sXMLTOOLS
14.04.2023 16:43:08.847 TRACE - SchemaTypeSystemImpl:Reading unresolved handles for type system org.apache.xmlbeans.metadata.system.sXMLTOOLS
14.04.2023 16:43:08.864 TRACE - SchemaTypeSystemImpl:Finished loading type system org.apache.xmlbeans.metadata.system.sXMLTOOLS
14.04.2023 16:43:08.867 TRACE - SchemaTypeSystemImpl:Reading unresolved handles for type system org.apache.xmlbeans.metadata.system.sXMLSCHEMA
14.04.2023 16:43:08.877 TRACE - SchemaTypeSystemImpl:Finished loading type system org.apache.xmlbeans.metadata.system.sXMLSCHEMA
14.04.2023 16:43:08.878 TRACE - SchemaTypeSystemImpl:Reading unresolved handles for type system org.apache.xmlbeans.metadata.system.sXMLLANG
14.04.2023 16:43:08.880 TRACE - SchemaTypeSystemImpl:Finished loading type system org.apache.xmlbeans.metadata.system.sXMLLANG
14.04.2023 16:43:08.882 TRACE - SchemaTypeSystemImpl:Reading unresolved handles for type system org.apache.xmlbeans.metadata.system.sXMLCONFIG
14.04.2023 16:43:08.886 TRACE - SchemaTypeSystemImpl:Finished loading type system org.apache.xmlbeans.metadata.system.sXMLCONFIG
14.04.2023 16:43:08.888 TRACE - SchemaTypeSystemImpl:Reading unresolved handles for type system org.apache.poi.schemas.ooxml.system.ooxml
14.04.2023 16:43:08.976 TRACE - SchemaTypeSystemImpl:Finished loading type system org.apache.poi.schemas.ooxml.system.ooxml
14.04.2023 16:43:08.977 TRACE - SchemaTypeSystemImpl:Resolving type for handle themefd26doctype
14.04.2023 16:43:09.079 TRACE - SchemaTypeSystemImpl:Resolving type for handle stylesheet5d8bdoctype
14.04.2023 16:43:09.092 TRACE - SchemaTypeSystemImpl:Resolving type for handle ctstylesheet4257type
14.04.2023 16:43:09.102 TRACE - SchemaTypeSystemImpl:Resolving type for handle ctfonts6623type
14.04.2023 16:43:09.108 TRACE - SchemaTypeSystemImpl:Resolving type for handle ctfont14d8type
14.04.2023 16:43:09.121 TRACE - SchemaTypeSystemImpl:Resolving type for handle ctfills2c6ftype
14.04.2023 16:43:09.126 TRACE - SchemaTypeSystemImpl:Resolving type for handle ctfill550ctype
14.04.2023 16:43:09.130 TRACE - SchemaTypeSystemImpl:Resolving type for handle ctborders0d66type
14.04.2023 16:43:09.138 TRACE - SchemaTypeSystemImpl:Resolving type for handle ctborderf935type
14.04.2023 16:43:09.147 TRACE - SchemaTypeSystemImpl:Resolving type for handle ctcellxfs1322type
14.04.2023 16:43:09.155 TRACE - SchemaTypeSystemImpl:Resolving type for handle ctxf97f7type
14.04.2023 16:43:09.163 TRACE - SchemaTypeSystemImpl:Resolving type for handle ctcellstylexfsa81ftype
14.04.2023 16:43:09.169 TRACE - SchemaTypeSystemImpl:Resolving type for handle ctdxfsb26atype
14.04.2023 16:43:09.173 TRACE - SchemaTypeSystemImpl:Resolving type for handle cttablestyles872ftype
14.04.2023 16:43:09.179 TRACE - SchemaTypeSystemImpl:Resolving type for handle sstf81fdoctype
14.04.2023 16:43:09.188 TRACE - SchemaTypeSystemImpl:Resolving type for handle ctsst44f3type
14.04.2023 16:43:09.212 TRACE - SchemaTypeSystemImpl:Resolving type for handle ctrsta472type
14.04.2023 16:43:09.261 TRACE - SchemaTypeSystemImpl:Resolving type for handle workbookec17doctype
14.04.2023 16:43:09.289 TRACE - SchemaTypeSystemImpl:Resolving type for handle ctworkbook83c3type
14.04.2023 16:43:09.299 TRACE - SchemaTypeSystemImpl:Resolving type for handle ctsheets49fdtype
14.04.2023 16:43:09.305 TRACE - SchemaTypeSystemImpl:Resolving type for handle ctsheet4dbetype
14.04.2023 16:43:09.311 TRACE - SchemaTypeSystemImpl:Resolving type for handle strelationshipid1e94type
14.04.2023 16:43:09.318 TRACE - SchemaTypeSystemImpl:Resolving type for handle worksheetf539doctype
14.04.2023 16:43:09.337 TRACE - SchemaTypeSystemImpl:Resolving type for handle ctworksheet530dtype
14.04.2023 16:43:09.347 TRACE - SchemaTypeSystemImpl:Resolving type for handle ctsheetdata8408type
14.04.2023 16:43:09.352 TRACE - SchemaTypeSystemImpl:Resolving type for handle ctrowdd39type
14.04.2023 16:43:09.362 TRACE - SchemaTypeSystemImpl:Resolving type for handle ctcell842btype
14.04.2023 16:43:09.379 TRACE - SchemaTypeSystemImpl:Resolving type for handle stcellrefe4e0type
14.04.2023 16:43:09.393 TRACE - SchemaTypeSystemImpl:Resolving type for handle ctcols627ctype
14.04.2023 16:43:09.405 TRACE - SchemaTypeSystemImpl:Resolving type for handle ctcola95ftype
14.04.2023 16:43:09.476 DEBUG - PackageRelationshipCollection:Parsing relationship: /xl/_rels/workbook.xml.rels
14.04.2023 16:43:09.478 DEBUG - PackageRelationshipCollection:Parsing relationship: /_rels/.rels
14.04.2023 16:43:09.543 TRACE - SchemaTypeSystemImpl:Resolving type for handle stxstringf179type
14.04.2023 16:43:09.548 TRACE - SchemaTypeSystemImpl:Resolving type for handle stcelltypebf95type
14.04.2023 16:43:09.571 INFO  - HomePageTest:BeforeMethod statrted log
14.04.2023 16:43:17.043 ERROR - HomePageTest:TestMethod statrted log
